<?xml version="1.0" encoding="UTF-8"?>
<!-- Generated by org.testng.reporters.JUnitReportReporter -->
<testsuite hostname="Kaleems-Air.fios-router.home" failures="0" tests="1" name="testng.UpdateLocationTestNG" time="37.721" errors="0" timestamp="2023-04-08T23:40:25 EDT" skipped="0">
  <testcase classname="testng.UpdateLocationTestNG" name="updateLocation" time="37.721"/>
  <system-out/>
</testsuite> <!-- testng.UpdateLocationTestNG -->
